<?xml version="1.0" encoding="UTF-8"?>
<testng-results ignored="0" total="2" passed="2" failed="0" skipped="0">
  <reporter-output>
  </reporter-output>
  <suite started-at="2023-05-24T08:18:52 IST" name="Default suite" finished-at="2023-05-24T08:18:52 IST" duration-ms="45">
    <groups>
    </groups>
    <test started-at="2023-05-24T08:18:52 IST" name="Default test" finished-at="2023-05-24T08:18:52 IST" duration-ms="45">
      <class name="TestNGConcepts.T_09_DataProvider">
        <test-method signature="PrintNumbers(int,int,int)[pri:0, instance:TestNGConcepts.T_09_DataProvider@21282ed8]" started-at="2023-05-24T08:18:52 IST" name="PrintNumbers" data-provider="Set of numbers" finished-at="2023-05-24T08:18:52 IST" duration-ms="3" status="PASS">
          <params>
            <param index="0">
              <value>
                <![CDATA[0]]>
              </value>
            </param>
            <param index="1">
              <value>
                <![CDATA[1]]>
              </value>
            </param>
            <param index="2">
              <value>
                <![CDATA[2]]>
              </value>
            </param>
          </params>
          <reporter-output>
          </reporter-output>
        </test-method> <!-- PrintNumbers -->
        <test-method signature="PrintNumbers(int,int,int)[pri:0, instance:TestNGConcepts.T_09_DataProvider@21282ed8]" started-at="2023-05-24T08:18:52 IST" name="PrintNumbers" data-provider="Set of numbers" finished-at="2023-05-24T08:18:52 IST" duration-ms="1" status="PASS">
          <params>
            <param index="0">
              <value>
                <![CDATA[3]]>
              </value>
            </param>
            <param index="1">
              <value>
                <![CDATA[4]]>
              </value>
            </param>
            <param index="2">
              <value>
                <![CDATA[5]]>
              </value>
            </param>
          </params>
          <reporter-output>
          </reporter-output>
        </test-method> <!-- PrintNumbers -->
      </class> <!-- TestNGConcepts.T_09_DataProvider -->
    </test> <!-- Default test -->
  </suite> <!-- Default suite -->
</testng-results>
